<?xml version="1.0" encoding="UTF-8"?>
<testsuite name="org.example.MetricContractTest$AssetUpdates" tests="1" skipped="0" failures="0" errors="0" timestamp="2021-05-02T21:47:40" hostname="org1" time="0.014">
  <properties/>
  <testcase name="updateMissing()" classname="org.example.MetricContractTest$AssetUpdates" time="0.014"/>
  <system-out><![CDATA[]]></system-out>
  <system-err><![CDATA[]]></system-err>
</testsuite>
